<?xml version="1.0" encoding="UTF-8"?>
<!-- Generated by org.testng.reporters.JUnitXMLReporter -->
<testsuite ignored="0" hostname="DESKTOP-TU1VJ5V" failures="0" tests="1" name="Test(failed)" time="0.659" errors="0" timestamp="2025-04-19T16:47:10 IST">
  <testcase classname="base.BaseTest" name="@BeforeMethod beforeMethod" time="0.029">
    <failure type="java.lang.AbstractMethodError" message="Receiver class org.openqa.selenium.chrome.ChromeDriverService$Builder does not define or inherit an implementation of the resolved method &amp;apos;abstract void loadSystemProperties()&amp;apos; of abstract class org.openqa.selenium.remote.service.DriverService$Builder.">
      <![CDATA[java.lang.AbstractMethodError: Receiver class org.openqa.selenium.chrome.ChromeDriverService$Builder does not define or inherit an implementation of the resolved method 'abstract void loadSystemProperties()' of abstract class org.openqa.selenium.remote.service.DriverService$Builder.
at org.openqa.selenium.remote.service.DriverService$Builder.build(DriverService.java:512)
at org.openqa.selenium.chrome.ChromeDriverService.createDefaultService(ChromeDriverService.java:127)
at org.openqa.selenium.chrome.ChromeDriver.<init>(ChromeDriver.java:46)
at base.BaseTest.setupDriver(BaseTest.java:83)
at base.BaseTest.beforeMethod(BaseTest.java:55)
at java.base/java.util.ArrayList.forEach(ArrayList.java:1511)
... Removed 31 stack frames]]>
    </failure>
  </testcase> <!-- @BeforeMethod beforeMethod -->
  <testcase classname="base.BaseTest" name="@AfterMethod afterMethod" time="0.0">
    <skipped/>
  </testcase> <!-- @AfterMethod afterMethod -->
  <testcase classname="qa.Tests.TestCase1" name="sampleMethodForEnteringCredentials" time="0.0">
    <skipped/>
  </testcase> <!-- sampleMethodForEnteringCredentials -->
</testsuite> <!-- Test(failed) -->
